build/app/intermediates/manifest_merge_blame_file/debug/manifest-merger-blame-debug-report.txt
1<?xml version="1.0" encoding="utf-8"?>
2<manifest xmlns:android="http://schemas.android.com/apk/res/android"
3    package="com.moodyio.moody.moody"
4    android:versionCode="1"
5    android:versionName="1.0.0" >
6
7    <uses-sdk
8        android:minSdkVersion="21"
9        android:targetSdkVersion="31" />
10    <!--
11         Flutter needs it to communicate with the running application
12         to allow setting breakpoints, to provide hot reload, etc.
13    -->
14    <uses-permission android:name="android.permission.INTERNET" />
14-->src\debug\AndroidManifest.xml:6:5-66
14-->src\debug\AndroidManifest.xml:6:22-64
15    <uses-permission android:name="android.permission.ACCESS_NETWORK_STATE" />
15-->[com.google.firebase:firebase-auth:21.0.1] AndroidManifest.xml:24:5-79
15-->[com.google.firebase:firebase-auth:21.0.1] AndroidManifest.xml:24:22-76
16
17    <application
18        android:name="android.app.Application"
19        android:appComponentFactory="androidx.core.app.CoreComponentFactory"
19-->[androidx.core:core:1.6.0] AndroidManifest.xml:24:18-86
20        android:debuggable="true"
21        android:icon="@mipmap/ic_launcher"
22        android:label="moody" >
23        <activity
24            android:name="com.moodyio.moody.moody.MainActivity"
25            android:configChanges="orientation|keyboardHidden|keyboard|screenSize|smallestScreenSize|locale|layoutDirection|fontScale|screenLayout|density|uiMode"
26            android:exported="true"
27            android:hardwareAccelerated="true"
28            android:launchMode="singleTop"
29            android:theme="@style/LaunchTheme"
30            android:windowSoftInputMode="adjustResize" >
31
32            <!--
33                 Specifies an Android theme to apply to this Activity as soon as
34                 the Android process has started. This theme is visible to the user
35                 while the Flutter UI initializes. After that, this theme continues
36                 to determine the Window background behind the Flutter UI.
37            -->
38            <meta-data
39                android:name="io.flutter.embedding.android.NormalTheme"
40                android:resource="@style/NormalTheme" />
41
42            <intent-filter>
43                <action android:name="android.intent.action.MAIN" />
44
45                <category android:name="android.intent.category.LAUNCHER" />
46            </intent-filter>
47        </activity>
48        <!--
49             Don't delete the meta-data below.
50             This is used by the Flutter tool to generate GeneratedPluginRegistrant.java
51        -->
52        <meta-data
53            android:name="flutterEmbedding"
54            android:value="2" />
55
56        <service
56-->[:firebase_auth] AndroidManifest.xml:8:9-12:19
57            android:name="com.google.firebase.components.ComponentDiscoveryService"
57-->[:firebase_auth] AndroidManifest.xml:8:18-89
58            android:directBootAware="true"
58-->[com.google.firebase:firebase-common:20.0.0] AndroidManifest.xml:35:13-43
59            android:exported="false" >
59-->[com.google.firebase:firebase-auth:21.0.1] AndroidManifest.xml:76:13-37
60            <meta-data
60-->[:firebase_auth] AndroidManifest.xml:9:13-11:85
61                android:name="com.google.firebase.components:io.flutter.plugins.firebase.auth.FlutterFirebaseAuthRegistrar"
61-->[:firebase_auth] AndroidManifest.xml:10:17-124
62                android:value="com.google.firebase.components.ComponentRegistrar" />
62-->[:firebase_auth] AndroidManifest.xml:11:17-82
63            <meta-data
63-->[:cloud_firestore] AndroidManifest.xml:9:13-11:85
64                android:name="com.google.firebase.components:io.flutter.plugins.firebase.firestore.FlutterFirebaseFirestoreRegistrar"
64-->[:cloud_firestore] AndroidManifest.xml:10:17-134
65                android:value="com.google.firebase.components.ComponentRegistrar" />
65-->[:cloud_firestore] AndroidManifest.xml:11:17-82
66            <meta-data
66-->[:firebase_core] AndroidManifest.xml:9:13-11:85
67                android:name="com.google.firebase.components:io.flutter.plugins.firebase.core.FlutterFirebaseCoreRegistrar"
67-->[:firebase_core] AndroidManifest.xml:10:17-124
68                android:value="com.google.firebase.components.ComponentRegistrar" />
68-->[:firebase_core] AndroidManifest.xml:11:17-82
69            <meta-data
69-->[com.google.firebase:firebase-auth:21.0.1] AndroidManifest.xml:77:13-79:85
70                android:name="com.google.firebase.components:com.google.firebase.auth.FirebaseAuthRegistrar"
70-->[com.google.firebase:firebase-auth:21.0.1] AndroidManifest.xml:78:17-109
71                android:value="com.google.firebase.components.ComponentRegistrar" />
71-->[com.google.firebase:firebase-auth:21.0.1] AndroidManifest.xml:79:17-82
72            <meta-data
72-->[com.google.firebase:firebase-firestore:24.0.1] AndroidManifest.xml:20:13-22:85
73                android:name="com.google.firebase.components:com.google.firebase.firestore.FirestoreRegistrar"
73-->[com.google.firebase:firebase-firestore:24.0.1] AndroidManifest.xml:21:17-111
74                android:value="com.google.firebase.components.ComponentRegistrar" />
74-->[com.google.firebase:firebase-firestore:24.0.1] AndroidManifest.xml:22:17-82
75        </service>
76
77        <uses-library
77-->[androidx.window:window:1.0.0-beta04] AndroidManifest.xml:25:9-27:40
78            android:name="androidx.window.extensions"
78-->[androidx.window:window:1.0.0-beta04] AndroidManifest.xml:26:13-54
79            android:required="false" />
79-->[androidx.window:window:1.0.0-beta04] AndroidManifest.xml:27:13-37
80        <uses-library
80-->[androidx.window:window:1.0.0-beta04] AndroidManifest.xml:28:9-30:40
81            android:name="androidx.window.sidecar"
81-->[androidx.window:window:1.0.0-beta04] AndroidManifest.xml:29:13-51
82            android:required="false" />
82-->[androidx.window:window:1.0.0-beta04] AndroidManifest.xml:30:13-37
83
84        <activity
84-->[com.google.firebase:firebase-auth:21.0.1] AndroidManifest.xml:27:9-44:20
85            android:name="com.google.firebase.auth.internal.GenericIdpActivity"
85-->[com.google.firebase:firebase-auth:21.0.1] AndroidManifest.xml:28:13-80
86            android:excludeFromRecents="true"
86-->[com.google.firebase:firebase-auth:21.0.1] AndroidManifest.xml:29:13-46
87            android:exported="true"
87-->[com.google.firebase:firebase-auth:21.0.1] AndroidManifest.xml:30:13-36
88            android:launchMode="singleTask"
88-->[com.google.firebase:firebase-auth:21.0.1] AndroidManifest.xml:31:13-44
89            android:theme="@android:style/Theme.Translucent.NoTitleBar" >
89-->[com.google.firebase:firebase-auth:21.0.1] AndroidManifest.xml:32:13-72
90            <intent-filter>
90-->[com.google.firebase:firebase-auth:21.0.1] AndroidManifest.xml:33:13-43:29
91                <action android:name="android.intent.action.VIEW" />
91-->[com.google.firebase:firebase-auth:21.0.1] AndroidManifest.xml:34:17-69
91-->[com.google.firebase:firebase-auth:21.0.1] AndroidManifest.xml:34:25-66
92
93                <category android:name="android.intent.category.DEFAULT" />
93-->[com.google.firebase:firebase-auth:21.0.1] AndroidManifest.xml:36:17-76
93-->[com.google.firebase:firebase-auth:21.0.1] AndroidManifest.xml:36:27-73
94                <category android:name="android.intent.category.BROWSABLE" />
94-->[com.google.firebase:firebase-auth:21.0.1] AndroidManifest.xml:37:17-78
94-->[com.google.firebase:firebase-auth:21.0.1] AndroidManifest.xml:37:27-75
95
96                <data
96-->[com.google.firebase:firebase-auth:21.0.1] AndroidManifest.xml:39:17-42:51
97                    android:host="firebase.auth"
97-->[com.google.firebase:firebase-auth:21.0.1] AndroidManifest.xml:40:21-49
98                    android:path="/"
98-->[com.google.firebase:firebase-auth:21.0.1] AndroidManifest.xml:41:21-37
99                    android:scheme="genericidp" />
99-->[com.google.firebase:firebase-auth:21.0.1] AndroidManifest.xml:42:21-48
100            </intent-filter>
101        </activity>
102        <activity
102-->[com.google.firebase:firebase-auth:21.0.1] AndroidManifest.xml:45:9-62:20
103            android:name="com.google.firebase.auth.internal.RecaptchaActivity"
103-->[com.google.firebase:firebase-auth:21.0.1] AndroidManifest.xml:46:13-79
104            android:excludeFromRecents="true"
104-->[com.google.firebase:firebase-auth:21.0.1] AndroidManifest.xml:47:13-46
105            android:exported="true"
105-->[com.google.firebase:firebase-auth:21.0.1] AndroidManifest.xml:48:13-36
106            android:launchMode="singleTask"
106-->[com.google.firebase:firebase-auth:21.0.1] AndroidManifest.xml:49:13-44
107            android:theme="@android:style/Theme.Translucent.NoTitleBar" >
107-->[com.google.firebase:firebase-auth:21.0.1] AndroidManifest.xml:50:13-72
108            <intent-filter>
108-->[com.google.firebase:firebase-auth:21.0.1] AndroidManifest.xml:51:13-61:29
109                <action android:name="android.intent.action.VIEW" />
109-->[com.google.firebase:firebase-auth:21.0.1] AndroidManifest.xml:34:17-69
109-->[com.google.firebase:firebase-auth:21.0.1] AndroidManifest.xml:34:25-66
110
111                <category android:name="android.intent.category.DEFAULT" />
111-->[com.google.firebase:firebase-auth:21.0.1] AndroidManifest.xml:36:17-76
111-->[com.google.firebase:firebase-auth:21.0.1] AndroidManifest.xml:36:27-73
112                <category android:name="android.intent.category.BROWSABLE" />
112-->[com.google.firebase:firebase-auth:21.0.1] AndroidManifest.xml:37:17-78
112-->[com.google.firebase:firebase-auth:21.0.1] AndroidManifest.xml:37:27-75
113
114                <data
114-->[com.google.firebase:firebase-auth:21.0.1] AndroidManifest.xml:39:17-42:51
115                    android:host="firebase.auth"
115-->[com.google.firebase:firebase-auth:21.0.1] AndroidManifest.xml:40:21-49
116                    android:path="/"
116-->[com.google.firebase:firebase-auth:21.0.1] AndroidManifest.xml:41:21-37
117                    android:scheme="recaptcha" />
117-->[com.google.firebase:firebase-auth:21.0.1] AndroidManifest.xml:42:21-48
118            </intent-filter>
119        </activity>
120
121        <service
121-->[com.google.firebase:firebase-auth:21.0.1] AndroidManifest.xml:64:9-73:19
122            android:name="com.google.firebase.auth.api.fallback.service.FirebaseAuthFallbackService"
122-->[com.google.firebase:firebase-auth:21.0.1] AndroidManifest.xml:65:13-101
123            android:enabled="true"
123-->[com.google.firebase:firebase-auth:21.0.1] AndroidManifest.xml:66:13-35
124            android:exported="false" >
124-->[com.google.firebase:firebase-auth:21.0.1] AndroidManifest.xml:67:13-37
125            <intent-filter>
125-->[com.google.firebase:firebase-auth:21.0.1] AndroidManifest.xml:68:13-72:29
126                <action android:name="com.google.firebase.auth.api.gms.service.START" />
126-->[com.google.firebase:firebase-auth:21.0.1] AndroidManifest.xml:69:17-89
126-->[com.google.firebase:firebase-auth:21.0.1] AndroidManifest.xml:69:25-86
127
128                <category android:name="android.intent.category.DEFAULT" />
128-->[com.google.firebase:firebase-auth:21.0.1] AndroidManifest.xml:36:17-76
128-->[com.google.firebase:firebase-auth:21.0.1] AndroidManifest.xml:36:27-73
129            </intent-filter>
130        </service>
131
132        <provider
132-->[com.google.firebase:firebase-common:20.0.0] AndroidManifest.xml:26:9-31:39
133            android:name="com.google.firebase.provider.FirebaseInitProvider"
133-->[com.google.firebase:firebase-common:20.0.0] AndroidManifest.xml:27:13-77
134            android:authorities="com.moodyio.moody.moody.firebaseinitprovider"
134-->[com.google.firebase:firebase-common:20.0.0] AndroidManifest.xml:28:13-72
135            android:directBootAware="true"
135-->[com.google.firebase:firebase-common:20.0.0] AndroidManifest.xml:29:13-43
136            android:exported="false"
136-->[com.google.firebase:firebase-common:20.0.0] AndroidManifest.xml:30:13-37
137            android:initOrder="100" />
137-->[com.google.firebase:firebase-common:20.0.0] AndroidManifest.xml:31:13-36
138
139        <activity
139-->[com.google.android.gms:play-services-base:17.1.0] AndroidManifest.xml:23:9-26:75
140            android:name="com.google.android.gms.common.api.GoogleApiActivity"
140-->[com.google.android.gms:play-services-base:17.1.0] AndroidManifest.xml:24:13-79
141            android:exported="false"
141-->[com.google.android.gms:play-services-base:17.1.0] AndroidManifest.xml:25:13-37
142            android:theme="@android:style/Theme.Translucent.NoTitleBar" />
142-->[com.google.android.gms:play-services-base:17.1.0] AndroidManifest.xml:26:13-72
143
144        <meta-data
144-->[com.google.android.gms:play-services-basement:17.1.0] AndroidManifest.xml:23:9-25:69
145            android:name="com.google.android.gms.version"
145-->[com.google.android.gms:play-services-basement:17.1.0] AndroidManifest.xml:24:13-58
146            android:value="@integer/google_play_services_version" />
146-->[com.google.android.gms:play-services-basement:17.1.0] AndroidManifest.xml:25:13-66
147    </application>
148
149</manifest>